<?xml version="1.0" encoding="UTF-8"?>
<testng-results ignored="0" total="0" passed="0" failed="0" skipped="0">
  <reporter-output>
  </reporter-output>
  <suite started-at="2022-02-28T11:44:11 IST" name="ControllerTest" finished-at="2022-02-28T11:44:11 IST" duration-ms="25">
    <groups>
    </groups>
    <test started-at="2022-02-28T11:44:11 IST" name="Command line test" finished-at="2022-02-28T11:44:11 IST" duration-ms="25">
    </test> <!-- Command line test -->
  </suite> <!-- ControllerTest -->
</testng-results>
